<?xml version="1.0" encoding="UTF-8"?>
<testsuite name="CalcTest" tests="2" skipped="0" failures="0" errors="0" timestamp="2019-12-03T00:35:39" hostname="macbook-pro-3.corpaa.aa.com" time="0.001">
  <properties/>
  <testcase name="when_two_ints_sub_return_result" classname="CalcTest" time="0.001"/>
  <testcase name="when_two_ints_add_return_result" classname="CalcTest" time="0.0"/>
  <system-out><![CDATA[]]></system-out>
  <system-err><![CDATA[]]></system-err>
</testsuite>
